2020-08-16 14:13:08 +0000  Initial pipeline context: <IDEDistributionProcessingPipelineContext: 0x7f86dcef6040; archive(resolved)='<IDEArchive: 0x7f86dc88e260>', distributionTask(resolved)='2', distributionDestination(resolved)='1', distributionMethod(resolved)='<IDEDistributionMethodDevelopmentSigned: 0x7f86dcc12310>', team(resolved)='<IDEProvisioningDisambiguatableBasicTeam: 0x7f86c68c0740; teamID='K57J9MCVGS', teamName='IoT.nxt Pty Ltd', teamType='Company', username='devsetup@iotnxt.com', isFreeProvisioningTeam='0'>'>
	Chain (13, self inclusive):
	<IDEDistributionProcessingPipelineContext: 0x7f86dcef6040; archive = '<IDEArchive: 0x7f86dc88e260>', distributionMethod='<IDEDistributionMethodDevelopmentSigned: 0x7f86dcc12310>', team='<IDEProvisioningDisambiguatableBasicTeam: 0x7f86c68c0740; teamID='K57J9MCVGS', teamName='IoT.nxt Pty Ltd', teamType='Company', username='devsetup@iotnxt.com', isFreeProvisioningTeam='0'>'>
	<IDEDistributionProcessingPipelineContext: 0x7f86ddb6ee00; archive = '<IDEArchive: 0x7f86dc88e260>', distributionMethod='<IDEDistributionMethodDevelopmentSigned: 0x7f86dcc12310>', team='<IDEProvisioningDisambiguatableBasicTeam: 0x7f86c68c0740; teamID='K57J9MCVGS', teamName='IoT.nxt Pty Ltd', teamType='Company', username='devsetup@iotnxt.com', isFreeProvisioningTeam='0'>'>
	<IDEDistributionContext: 0x7f86deb6d1a0; archive = '<IDEArchive: 0x7f86dc88e260>', distributionMethod='<IDEDistributionMethodDevelopmentSigned: 0x7f86dcc12310>', team='<IDEProvisioningDisambiguatableBasicTeam: 0x7f86c68c0740; teamID='K57J9MCVGS', teamName='IoT.nxt Pty Ltd', teamType='Company', username='devsetup@iotnxt.com', isFreeProvisioningTeam='0'>'>
	<IDEDistributionContext: 0x7f86dd672810; archive = '<IDEArchive: 0x7f86dc88e260>', distributionMethod='<IDEDistributionMethodDevelopmentSigned: 0x7f86dcc12310>', team='<IDEProvisioningDisambiguatableBasicTeam: 0x7f86c68c0740; teamID='K57J9MCVGS', teamName='IoT.nxt Pty Ltd', teamType='Company', username='devsetup@iotnxt.com', isFreeProvisioningTeam='0'>'>
	<IDEDistributionContext: 0x7f86deb59880; archive = '<IDEArchive: 0x7f86dc88e260>', distributionMethod='<IDEDistributionMethodDevelopmentSigned: 0x7f86dcc12310>', team='<IDEProvisioningDisambiguatableBasicTeam: 0x7f86c68c0740; teamID='K57J9MCVGS', teamName='IoT.nxt Pty Ltd', teamType='Company', username='devsetup@iotnxt.com', isFreeProvisioningTeam='0'>'>
	<IDEDistributionContext: 0x7f86dd6eded0; archive = '<IDEArchive: 0x7f86dc88e260>', distributionMethod='<IDEDistributionMethodDevelopmentSigned: 0x7f86dcc12310>', team='<IDEProvisioningDisambiguatableBasicTeam: 0x7f86c68c0740; teamID='K57J9MCVGS', teamName='IoT.nxt Pty Ltd', teamType='Company', username='devsetup@iotnxt.com', isFreeProvisioningTeam='0'>'>
	<IDEDistributionContext: 0x7f86dd197dc0; archive = '<IDEArchive: 0x7f86dc88e260>', distributionMethod='<IDEDistributionMethodDevelopmentSigned: 0x7f86dcc12310>', team='<IDEProvisioningDisambiguatableBasicTeam: 0x7f86c68c0740; teamID='K57J9MCVGS', teamName='IoT.nxt Pty Ltd', teamType='Company', username='devsetup@iotnxt.com', isFreeProvisioningTeam='0'>'>
	<IDEDistributionContext: 0x7f86ddea5040; archive = '<IDEArchive: 0x7f86dc88e260>', distributionMethod='<IDEDistributionMethodDevelopmentSigned: 0x7f86dcc12310>', team='<IDEProvisioningDisambiguatableBasicTeam: 0x7f86c68c0740; teamID='K57J9MCVGS', teamName='IoT.nxt Pty Ltd', teamType='Company', username='devsetup@iotnxt.com', isFreeProvisioningTeam='0'>'>
	<IDEDistributionContext: 0x7f86dd6d6790; archive = '<IDEArchive: 0x7f86dc88e260>', distributionMethod='<IDEDistributionMethodDevelopmentSigned: 0x7f86dcc12310>', team='<IDEProvisioningDisambiguatableBasicTeam: 0x7f86c68c0740; teamID='K57J9MCVGS', teamName='IoT.nxt Pty Ltd', teamType='Company', username='devsetup@iotnxt.com', isFreeProvisioningTeam='0'>'>
	<IDEDistributionContext: 0x7f86dd66d370; archive = '<IDEArchive: 0x7f86dc88e260>', distributionMethod='<IDEDistributionMethodDevelopmentSigned: 0x7f86dcc12310>', team='(null)'>
	<IDEDistributionContext: 0x7f86dd6f9290; archive = '<IDEArchive: 0x7f86dc88e260>', distributionMethod='<IDEDistributionMethodDevelopmentSigned: 0x7f86dcc12310>', team='(null)'>
	<IDEDistributionContext: 0x7f86dd6d10e0; archive = '<IDEArchive: 0x7f86dc88e260>', distributionMethod='<IDEDistributionMethodDevelopmentSigned: 0x7f86dcc12310>', team='(null)'>
	<IDEDistributionContext: 0x7f86deb10850; archive = '<IDEArchive: 0x7f86dc88e260>', distributionMethod='(null)', team='(null)'>
</IDEDistributionProcessingPipelineContext: 0x7f86dcef6040>
2020-08-16 14:13:08 +0000  Processing step: IDEDistributionCreateDestRootStep
2020-08-16 14:13:08 +0000  Processing step: IDEDistributionCopyItemStep
2020-08-16 14:13:08 +0000  Running /usr/bin/ditto '-V' '/Users/bertusjacobs/Library/Developer/Xcode/Archives/2020-08-16/Helloworld1 2020-08-16, 16.07.xcarchive/Products/Applications/Helloworld1.app' '/var/folders/tr/j2s2jcjd3jvfbg4d3j0s824m0000gn/T/XcodeDistPipeline.~~~Kp04Qo/Root/Payload/Helloworld1.app'
2020-08-16 14:13:08 +0000  >>> Copying /Users/bertusjacobs/Library/Developer/Xcode/Archives/2020-08-16/Helloworld1 2020-08-16, 16.07.xcarchive/Products/Applications/Helloworld1.app 
2020-08-16 14:13:08 +0000  copying file ./_CodeSignature/CodeResources ... 
2020-08-16 14:13:08 +0000  4101 bytes for ./_CodeSignature/CodeResources
2020-08-16 14:13:08 +0000  copying file ./Helloworld1 ... 
2020-08-16 14:13:08 +0000  188192 bytes for ./Helloworld1
2020-08-16 14:13:08 +0000  copying file ./Base.lproj/Main.storyboardc/UIViewController-BYZ-38-t0r.nib ... 
2020-08-16 14:13:08 +0000  974 bytes for ./Base.lproj/Main.storyboardc/UIViewController-BYZ-38-t0r.nib
2020-08-16 14:13:08 +0000  copying file ./Base.lproj/Main.storyboardc/BYZ-38-t0r-view-8bC-Xf-vdC.nib ... 
2020-08-16 14:13:08 +0000  7950 bytes for ./Base.lproj/Main.storyboardc/BYZ-38-t0r-view-8bC-Xf-vdC.nib
2020-08-16 14:13:08 +0000  copying file ./Base.lproj/Main.storyboardc/Info.plist ... 
2020-08-16 14:13:08 +0000  258 bytes for ./Base.lproj/Main.storyboardc/Info.plist
2020-08-16 14:13:08 +0000  copying file ./Base.lproj/LaunchScreen.storyboardc/01J-lp-oVM-view-Ze5-6b-2t3.nib ... 
2020-08-16 14:13:08 +0000  1197 bytes for ./Base.lproj/LaunchScreen.storyboardc/01J-lp-oVM-view-Ze5-6b-2t3.nib
2020-08-16 14:13:08 +0000  copying file ./Base.lproj/LaunchScreen.storyboardc/UIViewController-01J-lp-oVM.nib ... 
2020-08-16 14:13:08 +0000  896 bytes for ./Base.lproj/LaunchScreen.storyboardc/UIViewController-01J-lp-oVM.nib
2020-08-16 14:13:08 +0000  copying file ./Base.lproj/LaunchScreen.storyboardc/Info.plist ... 
2020-08-16 14:13:08 +0000  258 bytes for ./Base.lproj/LaunchScreen.storyboardc/Info.plist
2020-08-16 14:13:08 +0000  copying file ./Assets.car ... 
2020-08-16 14:13:08 +0000  5198143 bytes for ./Assets.car
2020-08-16 14:13:08 +0000  /usr/bin/ditto exited with 0
2020-08-16 14:13:08 +0000  copying file ./embedded.mobileprovision ... 
7514 bytes for ./embedded.mobileprovision
copying file ./Info.plist ... 
1424 bytes for ./Info.plist
copying file ./PkgInfo ... 
8 bytes for ./PkgInfo
2020-08-16 14:13:08 +0000  Processing step: IDEDistributionEmbedProfileStep
2020-08-16 14:13:08 +0000  Processing step: IDEDistributionInfoPlistStep
2020-08-16 14:13:08 +0000  Skipping step: IDEDistributionInfoPlistStep because it said so
2020-08-16 14:13:08 +0000  Processing step: IDEDistributionAppThinningPlistStep
2020-08-16 14:13:08 +0000  Skipping step: IDEDistributionAppThinningPlistStep because it said so
2020-08-16 14:13:08 +0000  Processing step: IDEDistributionCompileBitcodeStep
2020-08-16 14:13:08 +0000  Skipping step: IDEDistributionCompileBitcodeStep because it said so
2020-08-16 14:13:08 +0000  Processing step: IDEDistributionCodeSlimmingStep
2020-08-16 14:13:08 +0000  Processing step: IDEDistributionCopyBCSymbolMapsStep
2020-08-16 14:13:08 +0000  Skipping step: IDEDistributionCopyBCSymbolMapsStep because it said so
2020-08-16 14:13:08 +0000  Processing step: IDEDistributionSymbolsStep
2020-08-16 14:13:08 +0000  Skipping step: IDEDistributionSymbolsStep because it said so
2020-08-16 14:13:08 +0000  Processing step: IDEDistributionAppThinningStep
2020-08-16 14:13:08 +0000  Skipping step: IDEDistributionAppThinningStep because it said so
2020-08-16 14:13:08 +0000  Processing step: IDEDistributionArchThinningStep
2020-08-16 14:13:08 +0000  Running /Applications/Xcode.app/Contents/Developer/Toolchains/XcodeDefault.xctoolchain/usr/bin/lipo '/var/folders/tr/j2s2jcjd3jvfbg4d3j0s824m0000gn/T/XcodeDistPipeline.~~~Kp04Qo/Root/Payload/Helloworld1.app/Helloworld1' '-verify_arch' 'arm64e'
2020-08-16 14:13:08 +0000  /Applications/Xcode.app/Contents/Developer/Toolchains/XcodeDefault.xctoolchain/usr/bin/lipo exited with 1
2020-08-16 14:13:08 +0000  Skipping architecture thinning for item "Helloworld1" because arch "arm64e" wasn't found
2020-08-16 14:13:08 +0000  Processing step: IDEDistributionODRStep
2020-08-16 14:13:08 +0000  Processing step: IDEDistributionStripXattrsStep
2020-08-16 14:13:08 +0000  Running /usr/bin/xattr '-crs' '/var/folders/tr/j2s2jcjd3jvfbg4d3j0s824m0000gn/T/XcodeDistPipeline.~~~Kp04Qo/Root/Payload/Helloworld1.app'
2020-08-16 14:13:08 +0000  /usr/bin/xattr exited with 0
2020-08-16 14:13:08 +0000  Processing step: IDEDistributionCodesignStep
2020-08-16 14:13:08 +0000  Entitlements for <IDEDistributionItem: 0x7f86ddfad4d0; bundleID='com.iotnxt.first.Helloworld1', path='<DVTFilePath:0x7f86dd6368b0:'/Users/bertusjacobs/Library/Developer/Xcode/Archives/2020-08-16/Helloworld1 2020-08-16, 16.07.xcarchive/Products/Applications/Helloworld1.app'>', codeSigningInfo='<_DVTCodeSigningInformation_Path: 0x7f86c85bbdc0; isSigned='1', isAdHocSigned='0', signingCertificate='<DVTSigningCertificate: 0x7f86ddbd4e10; name='Apple Development: Andre Prinsloo (ZG9VKB4529)', hash='96C19F9BB2E881A5ACFBDAEC2977DE9E455F5A81', serialNumber='29623267B9E24669', certificateKinds='(
    "1.2.840.113635.100.6.1.12",
    "1.2.840.113635.100.6.1.2"
), issueDate='2020-08-07 14:31:54 +0000''>', entitlements='{
    "application-identifier" = "K57J9MCVGS.com.iotnxt.first.Helloworld1";
    "com.apple.developer.team-identifier" = K57J9MCVGS;
    "get-task-allow" = 1;
    "keychain-access-groups" =     (
        "K57J9MCVGS.com.iotnxt.first.Helloworld1"
    );
}', teamID='K57J9MCVGS', identifier='com.iotnxt.first.Helloworld1', executablePath='<DVTFilePath:0x7f86e8a94a40:'/Users/bertusjacobs/Library/Developer/Xcode/Archives/2020-08-16/Helloworld1 2020-08-16, 16.07.xcarchive/Products/Applications/Helloworld1.app/Helloworld1'>', hardenedRuntime='0'>'>: {
    "application-identifier" = "K57J9MCVGS.com.iotnxt.first.Helloworld1";
    "com.apple.developer.team-identifier" = K57J9MCVGS;
    "get-task-allow" = 1;
    "keychain-access-groups" =     (
        "K57J9MCVGS.com.iotnxt.first.Helloworld1"
    );
}
2020-08-16 14:13:08 +0000  Writing entitlements for <IDEDistributionItem: 0x7f86ddfad4d0; bundleID='com.iotnxt.first.Helloworld1', path='<DVTFilePath:0x7f86dd6368b0:'/Users/bertusjacobs/Library/Developer/Xcode/Archives/2020-08-16/Helloworld1 2020-08-16, 16.07.xcarchive/Products/Applications/Helloworld1.app'>', codeSigningInfo='<_DVTCodeSigningInformation_Path: 0x7f86c85bbdc0; isSigned='1', isAdHocSigned='0', signingCertificate='<DVTSigningCertificate: 0x7f86e6940810; name='Apple Development: Andre Prinsloo (ZG9VKB4529)', hash='96C19F9BB2E881A5ACFBDAEC2977DE9E455F5A81', serialNumber='29623267B9E24669', certificateKinds='(
    "1.2.840.113635.100.6.1.12",
    "1.2.840.113635.100.6.1.2"
), issueDate='2020-08-07 14:31:54 +0000''>', entitlements='{
    "application-identifier" = "K57J9MCVGS.com.iotnxt.first.Helloworld1";
    "com.apple.developer.team-identifier" = K57J9MCVGS;
    "get-task-allow" = 1;
    "keychain-access-groups" =     (
        "K57J9MCVGS.com.iotnxt.first.Helloworld1"
    );
}', teamID='K57J9MCVGS', identifier='com.iotnxt.first.Helloworld1', executablePath='<DVTFilePath:0x7f86e8a94a40:'/Users/bertusjacobs/Library/Developer/Xcode/Archives/2020-08-16/Helloworld1 2020-08-16, 16.07.xcarchive/Products/Applications/Helloworld1.app/Helloworld1'>', hardenedRuntime='0'>'> to: /var/folders/tr/j2s2jcjd3jvfbg4d3j0s824m0000gn/T/XcodeDistPipeline.~~~Kp04Qo/entitlements~~~5Tuj53
2020-08-16 14:13:08 +0000  Running /usr/bin/codesign '-vvv' '--force' '--sign' '96C19F9BB2E881A5ACFBDAEC2977DE9E455F5A81' '--entitlements' '/var/folders/tr/j2s2jcjd3jvfbg4d3j0s824m0000gn/T/XcodeDistPipeline.~~~Kp04Qo/entitlements~~~5Tuj53' '--preserve-metadata=identifier,flags,runtime' '/var/folders/tr/j2s2jcjd3jvfbg4d3j0s824m0000gn/T/XcodeDistPipeline.~~~Kp04Qo/Root/Payload/Helloworld1.app'
2020-08-16 14:13:08 +0000  /var/folders/tr/j2s2jcjd3jvfbg4d3j0s824m0000gn/T/XcodeDistPipeline.~~~Kp04Qo/Root/Payload/Helloworld1.app: signed app bundle with Mach-O thin (arm64) [com.iotnxt.first.Helloworld1]
2020-08-16 14:13:08 +0000  /usr/bin/codesign exited with 0
2020-08-16 14:13:08 +0000  Processing step: IDEDistributionZipODRItemStep
2020-08-16 14:13:08 +0000  Skipping step: IDEDistributionZipODRItemStep because it said so
2020-08-16 14:13:08 +0000  Processing step: IDEDistributionCreateIPAStep
2020-08-16 14:13:08 +0000  Running /usr/bin/ditto '-V' '-c' '-k' '--norsrc' '/var/folders/tr/j2s2jcjd3jvfbg4d3j0s824m0000gn/T/XcodeDistPipeline.~~~Kp04Qo/Root' '/var/folders/tr/j2s2jcjd3jvfbg4d3j0s824m0000gn/T/XcodeDistPipeline.~~~Kp04Qo/Packages/Helloworld1.ipa'
2020-08-16 14:13:08 +0000  >>> Copying /var/folders/tr/j2s2jcjd3jvfbg4d3j0s824m0000gn/T/XcodeDistPipeline.~~~Kp04Qo/Root 
2020-08-16 14:13:08 +0000  copying file ./Payload/Helloworld1.app/_CodeSignature/CodeResources ... 
2020-08-16 14:13:08 +0000  4101 bytes for ./Payload/Helloworld1.app/_CodeSignature/CodeResources
2020-08-16 14:13:08 +0000  copying file ./Payload/Helloworld1.app/Helloworld1 ... 
2020-08-16 14:13:08 +0000  89120 bytes for ./Payload/Helloworld1.app/Helloworld1
2020-08-16 14:13:08 +0000  copying file ./Payload/Helloworld1.app/Base.lproj/Main.storyboardc/UIViewController-BYZ-38-t0r.nib ... 
2020-08-16 14:13:08 +0000  974 bytes for ./Payload/Helloworld1.app/Base.lproj/Main.storyboardc/UIViewController-BYZ-38-t0r.nib
copying file ./Payload/Helloworld1.app/Base.lproj/Main.storyboardc/BYZ-38-t0r-view-8bC-Xf-vdC.nib ... 
2020-08-16 14:13:08 +0000  7950 bytes for ./Payload/Helloworld1.app/Base.lproj/Main.storyboardc/BYZ-38-t0r-view-8bC-Xf-vdC.nib
copying file ./Payload/Helloworld1.app/Base.lproj/Main.storyboardc/Info.plist ... 
2020-08-16 14:13:08 +0000  258 bytes for ./Payload/Helloworld1.app/Base.lproj/Main.storyboardc/Info.plist
2020-08-16 14:13:08 +0000  copying file ./Payload/Helloworld1.app/Base.lproj/LaunchScreen.storyboardc/01J-lp-oVM-view-Ze5-6b-2t3.nib ... 
2020-08-16 14:13:08 +0000  1197 bytes for ./Payload/Helloworld1.app/Base.lproj/LaunchScreen.storyboardc/01J-lp-oVM-view-Ze5-6b-2t3.nib
copying file ./Payload/Helloworld1.app/Base.lproj/LaunchScreen.storyboardc/UIViewController-01J-lp-oVM.nib ... 
2020-08-16 14:13:08 +0000  896 bytes for ./Payload/Helloworld1.app/Base.lproj/LaunchScreen.storyboardc/UIViewController-01J-lp-oVM.nib
2020-08-16 14:13:08 +0000  copying file ./Payload/Helloworld1.app/Base.lproj/LaunchScreen.storyboardc/Info.plist ... 
2020-08-16 14:13:08 +0000  258 bytes for ./Payload/Helloworld1.app/Base.lproj/LaunchScreen.storyboardc/Info.plist
copying file ./Payload/Helloworld1.app/Assets.car ... 
2020-08-16 14:13:08 +0000  5198143 bytes for ./Payload/Helloworld1.app/Assets.car
copying file ./Payload/Helloworld1.app/embedded.mobileprovision ... 
2020-08-16 14:13:08 +0000  7514 bytes for ./Payload/Helloworld1.app/embedded.mobileprovision
copying file ./Payload/Helloworld1.app/Info.plist ... 
2020-08-16 14:13:08 +0000  1424 bytes for ./Payload/Helloworld1.app/Info.plist
copying file ./Payload/Helloworld1.app/PkgInfo ... 
2020-08-16 14:13:08 +0000  8 bytes for ./Payload/Helloworld1.app/PkgInfo
2020-08-16 14:13:08 +0000  /usr/bin/ditto exited with 0
2020-08-16 14:13:08 +0000  Processing step: IDEDistributionAppStoreInformationStep
2020-08-16 14:13:08 +0000  Skipping step: IDEDistributionAppStoreInformationStep because it said so
2020-08-16 14:13:08 +0000  Processing step: IDEDistributionGenerateProcessedDistributionItems
2020-08-16 14:13:09 +0000  Processing step: IDEDistributionCreateManifestStep
2020-08-16 14:14:13 +0000  Initial pipeline context: <IDEDistributionProcessingPipelineContext: 0x7f86dd3f8bb0; archive(resolved)='<IDEArchive: 0x7f86dc88e260>', distributionTask(resolved)='2', distributionDestination(resolved)='1', distributionMethod(resolved)='<IDEDistributionMethodDevelopmentSigned: 0x7f86dcc12310>', team(resolved)='<IDEProvisioningDisambiguatableBasicTeam: 0x7f86c68c0740; teamID='K57J9MCVGS', teamName='IoT.nxt Pty Ltd', teamType='Company', username='devsetup@iotnxt.com', isFreeProvisioningTeam='0'>'>
	Chain (13, self inclusive):
	<IDEDistributionProcessingPipelineContext: 0x7f86dd3f8bb0; archive = '<IDEArchive: 0x7f86dc88e260>', distributionMethod='<IDEDistributionMethodDevelopmentSigned: 0x7f86dcc12310>', team='<IDEProvisioningDisambiguatableBasicTeam: 0x7f86c68c0740; teamID='K57J9MCVGS', teamName='IoT.nxt Pty Ltd', teamType='Company', username='devsetup@iotnxt.com', isFreeProvisioningTeam='0'>'>
	<IDEDistributionProcessingPipelineContext: 0x7f86dd3131f0; archive = '<IDEArchive: 0x7f86dc88e260>', distributionMethod='<IDEDistributionMethodDevelopmentSigned: 0x7f86dcc12310>', team='<IDEProvisioningDisambiguatableBasicTeam: 0x7f86c68c0740; teamID='K57J9MCVGS', teamName='IoT.nxt Pty Ltd', teamType='Company', username='devsetup@iotnxt.com', isFreeProvisioningTeam='0'>'>
	<IDEDistributionContext: 0x7f86debdbf40; archive = '<IDEArchive: 0x7f86dc88e260>', distributionMethod='<IDEDistributionMethodDevelopmentSigned: 0x7f86dcc12310>', team='<IDEProvisioningDisambiguatableBasicTeam: 0x7f86c68c0740; teamID='K57J9MCVGS', teamName='IoT.nxt Pty Ltd', teamType='Company', username='devsetup@iotnxt.com', isFreeProvisioningTeam='0'>'>
	<IDEDistributionContext: 0x7f86ddb05990; archive = '<IDEArchive: 0x7f86dc88e260>', distributionMethod='<IDEDistributionMethodDevelopmentSigned: 0x7f86dcc12310>', team='<IDEProvisioningDisambiguatableBasicTeam: 0x7f86c68c0740; teamID='K57J9MCVGS', teamName='IoT.nxt Pty Ltd', teamType='Company', username='devsetup@iotnxt.com', isFreeProvisioningTeam='0'>'>
	<IDEDistributionContext: 0x7f86deb59880; archive = '<IDEArchive: 0x7f86dc88e260>', distributionMethod='<IDEDistributionMethodDevelopmentSigned: 0x7f86dcc12310>', team='<IDEProvisioningDisambiguatableBasicTeam: 0x7f86c68c0740; teamID='K57J9MCVGS', teamName='IoT.nxt Pty Ltd', teamType='Company', username='devsetup@iotnxt.com', isFreeProvisioningTeam='0'>'>
	<IDEDistributionContext: 0x7f86dd6eded0; archive = '<IDEArchive: 0x7f86dc88e260>', distributionMethod='<IDEDistributionMethodDevelopmentSigned: 0x7f86dcc12310>', team='<IDEProvisioningDisambiguatableBasicTeam: 0x7f86c68c0740; teamID='K57J9MCVGS', teamName='IoT.nxt Pty Ltd', teamType='Company', username='devsetup@iotnxt.com', isFreeProvisioningTeam='0'>'>
	<IDEDistributionContext: 0x7f86dd197dc0; archive = '<IDEArchive: 0x7f86dc88e260>', distributionMethod='<IDEDistributionMethodDevelopmentSigned: 0x7f86dcc12310>', team='<IDEProvisioningDisambiguatableBasicTeam: 0x7f86c68c0740; teamID='K57J9MCVGS', teamName='IoT.nxt Pty Ltd', teamType='Company', username='devsetup@iotnxt.com', isFreeProvisioningTeam='0'>'>
	<IDEDistributionContext: 0x7f86ddea5040; archive = '<IDEArchive: 0x7f86dc88e260>', distributionMethod='<IDEDistributionMethodDevelopmentSigned: 0x7f86dcc12310>', team='<IDEProvisioningDisambiguatableBasicTeam: 0x7f86c68c0740; teamID='K57J9MCVGS', teamName='IoT.nxt Pty Ltd', teamType='Company', username='devsetup@iotnxt.com', isFreeProvisioningTeam='0'>'>
	<IDEDistributionContext: 0x7f86dd6d6790; archive = '<IDEArchive: 0x7f86dc88e260>', distributionMethod='<IDEDistributionMethodDevelopmentSigned: 0x7f86dcc12310>', team='<IDEProvisioningDisambiguatableBasicTeam: 0x7f86c68c0740; teamID='K57J9MCVGS', teamName='IoT.nxt Pty Ltd', teamType='Company', username='devsetup@iotnxt.com', isFreeProvisioningTeam='0'>'>
	<IDEDistributionContext: 0x7f86dd66d370; archive = '<IDEArchive: 0x7f86dc88e260>', distributionMethod='<IDEDistributionMethodDevelopmentSigned: 0x7f86dcc12310>', team='(null)'>
	<IDEDistributionContext: 0x7f86dd6f9290; archive = '<IDEArchive: 0x7f86dc88e260>', distributionMethod='<IDEDistributionMethodDevelopmentSigned: 0x7f86dcc12310>', team='(null)'>
	<IDEDistributionContext: 0x7f86dd6d10e0; archive = '<IDEArchive: 0x7f86dc88e260>', distributionMethod='<IDEDistributionMethodDevelopmentSigned: 0x7f86dcc12310>', team='(null)'>
	<IDEDistributionContext: 0x7f86deb10850; archive = '<IDEArchive: 0x7f86dc88e260>', distributionMethod='(null)', team='(null)'>
</IDEDistributionProcessingPipelineContext: 0x7f86dd3f8bb0>
2020-08-16 14:14:13 +0000  Processing step: IDEDistributionCreateDestRootStep
2020-08-16 14:14:13 +0000  Processing step: IDEDistributionCopyItemStep
2020-08-16 14:14:13 +0000  Running /usr/bin/ditto '-V' '/Users/bertusjacobs/Library/Developer/Xcode/Archives/2020-08-16/Helloworld1 2020-08-16, 16.07.xcarchive/Products/Applications/Helloworld1.app' '/var/folders/tr/j2s2jcjd3jvfbg4d3j0s824m0000gn/T/XcodeDistPipeline.~~~lDz7xg/Root/Payload/Helloworld1.app'
2020-08-16 14:14:13 +0000  >>> Copying /Users/bertusjacobs/Library/Developer/Xcode/Archives/2020-08-16/Helloworld1 2020-08-16, 16.07.xcarchive/Products/Applications/Helloworld1.app 
2020-08-16 14:14:13 +0000  copying file ./_CodeSignature/CodeResources ... 
2020-08-16 14:14:13 +0000  4101 bytes for ./_CodeSignature/CodeResources
2020-08-16 14:14:13 +0000  copying file ./Helloworld1 ... 
2020-08-16 14:14:13 +0000  188192 bytes for ./Helloworld1
2020-08-16 14:14:13 +0000  copying file ./Base.lproj/Main.storyboardc/UIViewController-BYZ-38-t0r.nib ... 
2020-08-16 14:14:13 +0000  974 bytes for ./Base.lproj/Main.storyboardc/UIViewController-BYZ-38-t0r.nib
2020-08-16 14:14:13 +0000  copying file ./Base.lproj/Main.storyboardc/BYZ-38-t0r-view-8bC-Xf-vdC.nib ... 
2020-08-16 14:14:13 +0000  7950 bytes for ./Base.lproj/Main.storyboardc/BYZ-38-t0r-view-8bC-Xf-vdC.nib
2020-08-16 14:14:13 +0000  copying file ./Base.lproj/Main.storyboardc/Info.plist ... 
2020-08-16 14:14:13 +0000  258 bytes for ./Base.lproj/Main.storyboardc/Info.plist
2020-08-16 14:14:13 +0000  copying file ./Base.lproj/LaunchScreen.storyboardc/01J-lp-oVM-view-Ze5-6b-2t3.nib ... 
2020-08-16 14:14:13 +0000  1197 bytes for ./Base.lproj/LaunchScreen.storyboardc/01J-lp-oVM-view-Ze5-6b-2t3.nib
2020-08-16 14:14:13 +0000  copying file ./Base.lproj/LaunchScreen.storyboardc/UIViewController-01J-lp-oVM.nib ... 
2020-08-16 14:14:13 +0000  896 bytes for ./Base.lproj/LaunchScreen.storyboardc/UIViewController-01J-lp-oVM.nib
2020-08-16 14:14:13 +0000  copying file ./Base.lproj/LaunchScreen.storyboardc/Info.plist ... 
2020-08-16 14:14:13 +0000  258 bytes for ./Base.lproj/LaunchScreen.storyboardc/Info.plist
2020-08-16 14:14:13 +0000  copying file ./Assets.car ... 
2020-08-16 14:14:13 +0000  5198143 bytes for ./Assets.car
2020-08-16 14:14:13 +0000  /usr/bin/ditto exited with 0
2020-08-16 14:14:13 +0000  copying file ./embedded.mobileprovision ... 
7514 bytes for ./embedded.mobileprovision
copying file ./Info.plist ... 
1424 bytes for ./Info.plist
copying file ./PkgInfo ... 
8 bytes for ./PkgInfo
2020-08-16 14:14:13 +0000  Processing step: IDEDistributionEmbedProfileStep
2020-08-16 14:14:13 +0000  Processing step: IDEDistributionInfoPlistStep
2020-08-16 14:14:13 +0000  Skipping step: IDEDistributionInfoPlistStep because it said so
2020-08-16 14:14:13 +0000  Processing step: IDEDistributionAppThinningPlistStep
2020-08-16 14:14:13 +0000  Skipping step: IDEDistributionAppThinningPlistStep because it said so
2020-08-16 14:14:13 +0000  Processing step: IDEDistributionCompileBitcodeStep
2020-08-16 14:14:13 +0000  Skipping step: IDEDistributionCompileBitcodeStep because it said so
2020-08-16 14:14:13 +0000  Processing step: IDEDistributionCodeSlimmingStep
2020-08-16 14:14:13 +0000  Processing step: IDEDistributionCopyBCSymbolMapsStep
2020-08-16 14:14:13 +0000  Skipping step: IDEDistributionCopyBCSymbolMapsStep because it said so
2020-08-16 14:14:13 +0000  Processing step: IDEDistributionSymbolsStep
2020-08-16 14:14:13 +0000  Skipping step: IDEDistributionSymbolsStep because it said so
2020-08-16 14:14:13 +0000  Processing step: IDEDistributionAppThinningStep
2020-08-16 14:14:13 +0000  Skipping step: IDEDistributionAppThinningStep because it said so
2020-08-16 14:14:13 +0000  Processing step: IDEDistributionArchThinningStep
2020-08-16 14:14:13 +0000  Running /Applications/Xcode.app/Contents/Developer/Toolchains/XcodeDefault.xctoolchain/usr/bin/lipo '/var/folders/tr/j2s2jcjd3jvfbg4d3j0s824m0000gn/T/XcodeDistPipeline.~~~lDz7xg/Root/Payload/Helloworld1.app/Helloworld1' '-verify_arch' 'arm64e'
2020-08-16 14:14:13 +0000  /Applications/Xcode.app/Contents/Developer/Toolchains/XcodeDefault.xctoolchain/usr/bin/lipo exited with 1
2020-08-16 14:14:13 +0000  Skipping architecture thinning for item "Helloworld1" because arch "arm64e" wasn't found
2020-08-16 14:14:13 +0000  Processing step: IDEDistributionODRStep
2020-08-16 14:14:13 +0000  Processing step: IDEDistributionStripXattrsStep
2020-08-16 14:14:13 +0000  Running /usr/bin/xattr '-crs' '/var/folders/tr/j2s2jcjd3jvfbg4d3j0s824m0000gn/T/XcodeDistPipeline.~~~lDz7xg/Root/Payload/Helloworld1.app'
2020-08-16 14:14:13 +0000  /usr/bin/xattr exited with 0
2020-08-16 14:14:13 +0000  Processing step: IDEDistributionCodesignStep
2020-08-16 14:14:13 +0000  Entitlements for <IDEDistributionItem: 0x7f86ddfad4d0; bundleID='com.iotnxt.first.Helloworld1', path='<DVTFilePath:0x7f86dd6368b0:'/Users/bertusjacobs/Library/Developer/Xcode/Archives/2020-08-16/Helloworld1 2020-08-16, 16.07.xcarchive/Products/Applications/Helloworld1.app'>', codeSigningInfo='<_DVTCodeSigningInformation_Path: 0x7f86c85bbdc0; isSigned='1', isAdHocSigned='0', signingCertificate='<DVTSigningCertificate: 0x7f86dd56e4c0; name='Apple Development: Andre Prinsloo (ZG9VKB4529)', hash='96C19F9BB2E881A5ACFBDAEC2977DE9E455F5A81', serialNumber='29623267B9E24669', certificateKinds='(
    "1.2.840.113635.100.6.1.12",
    "1.2.840.113635.100.6.1.2"
), issueDate='2020-08-07 14:31:54 +0000''>', entitlements='{
    "application-identifier" = "K57J9MCVGS.com.iotnxt.first.Helloworld1";
    "com.apple.developer.team-identifier" = K57J9MCVGS;
    "get-task-allow" = 1;
    "keychain-access-groups" =     (
        "K57J9MCVGS.com.iotnxt.first.Helloworld1"
    );
}', teamID='K57J9MCVGS', identifier='com.iotnxt.first.Helloworld1', executablePath='<DVTFilePath:0x7f86e8a94a40:'/Users/bertusjacobs/Library/Developer/Xcode/Archives/2020-08-16/Helloworld1 2020-08-16, 16.07.xcarchive/Products/Applications/Helloworld1.app/Helloworld1'>', hardenedRuntime='0'>'>: {
    "application-identifier" = "K57J9MCVGS.com.iotnxt.first.Helloworld1";
    "com.apple.developer.team-identifier" = K57J9MCVGS;
    "get-task-allow" = 1;
    "keychain-access-groups" =     (
        "K57J9MCVGS.com.iotnxt.first.Helloworld1"
    );
}
2020-08-16 14:14:13 +0000  Writing entitlements for <IDEDistributionItem: 0x7f86ddfad4d0; bundleID='com.iotnxt.first.Helloworld1', path='<DVTFilePath:0x7f86dd6368b0:'/Users/bertusjacobs/Library/Developer/Xcode/Archives/2020-08-16/Helloworld1 2020-08-16, 16.07.xcarchive/Products/Applications/Helloworld1.app'>', codeSigningInfo='<_DVTCodeSigningInformation_Path: 0x7f86c85bbdc0; isSigned='1', isAdHocSigned='0', signingCertificate='<DVTSigningCertificate: 0x7f86de462470; name='Apple Development: Andre Prinsloo (ZG9VKB4529)', hash='96C19F9BB2E881A5ACFBDAEC2977DE9E455F5A81', serialNumber='29623267B9E24669', certificateKinds='(
    "1.2.840.113635.100.6.1.12",
    "1.2.840.113635.100.6.1.2"
), issueDate='2020-08-07 14:31:54 +0000''>', entitlements='{
    "application-identifier" = "K57J9MCVGS.com.iotnxt.first.Helloworld1";
    "com.apple.developer.team-identifier" = K57J9MCVGS;
    "get-task-allow" = 1;
    "keychain-access-groups" =     (
        "K57J9MCVGS.com.iotnxt.first.Helloworld1"
    );
}', teamID='K57J9MCVGS', identifier='com.iotnxt.first.Helloworld1', executablePath='<DVTFilePath:0x7f86e8a94a40:'/Users/bertusjacobs/Library/Developer/Xcode/Archives/2020-08-16/Helloworld1 2020-08-16, 16.07.xcarchive/Products/Applications/Helloworld1.app/Helloworld1'>', hardenedRuntime='0'>'> to: /var/folders/tr/j2s2jcjd3jvfbg4d3j0s824m0000gn/T/XcodeDistPipeline.~~~lDz7xg/entitlements~~~5dAlsL
2020-08-16 14:14:13 +0000  Running /usr/bin/codesign '-vvv' '--force' '--sign' '96C19F9BB2E881A5ACFBDAEC2977DE9E455F5A81' '--entitlements' '/var/folders/tr/j2s2jcjd3jvfbg4d3j0s824m0000gn/T/XcodeDistPipeline.~~~lDz7xg/entitlements~~~5dAlsL' '--preserve-metadata=identifier,flags,runtime' '/var/folders/tr/j2s2jcjd3jvfbg4d3j0s824m0000gn/T/XcodeDistPipeline.~~~lDz7xg/Root/Payload/Helloworld1.app'
2020-08-16 14:14:13 +0000  /var/folders/tr/j2s2jcjd3jvfbg4d3j0s824m0000gn/T/XcodeDistPipeline.~~~lDz7xg/Root/Payload/Helloworld1.app: signed app bundle with Mach-O thin (arm64) [com.iotnxt.first.Helloworld1]
2020-08-16 14:14:13 +0000  /usr/bin/codesign exited with 0
2020-08-16 14:14:13 +0000  Processing step: IDEDistributionZipODRItemStep
2020-08-16 14:14:13 +0000  Skipping step: IDEDistributionZipODRItemStep because it said so
2020-08-16 14:14:13 +0000  Processing step: IDEDistributionCreateIPAStep
2020-08-16 14:14:13 +0000  Running /usr/bin/ditto '-V' '-c' '-k' '--norsrc' '/var/folders/tr/j2s2jcjd3jvfbg4d3j0s824m0000gn/T/XcodeDistPipeline.~~~lDz7xg/Root' '/var/folders/tr/j2s2jcjd3jvfbg4d3j0s824m0000gn/T/XcodeDistPipeline.~~~lDz7xg/Packages/Helloworld1.ipa'
2020-08-16 14:14:13 +0000  >>> Copying /var/folders/tr/j2s2jcjd3jvfbg4d3j0s824m0000gn/T/XcodeDistPipeline.~~~lDz7xg/Root 
2020-08-16 14:14:13 +0000  copying file ./Payload/Helloworld1.app/_CodeSignature/CodeResources ... 
2020-08-16 14:14:13 +0000  4101 bytes for ./Payload/Helloworld1.app/_CodeSignature/CodeResources
2020-08-16 14:14:13 +0000  copying file ./Payload/Helloworld1.app/Helloworld1 ... 
2020-08-16 14:14:13 +0000  89120 bytes for ./Payload/Helloworld1.app/Helloworld1
2020-08-16 14:14:13 +0000  copying file ./Payload/Helloworld1.app/Base.lproj/Main.storyboardc/UIViewController-BYZ-38-t0r.nib ... 
2020-08-16 14:14:13 +0000  974 bytes for ./Payload/Helloworld1.app/Base.lproj/Main.storyboardc/UIViewController-BYZ-38-t0r.nib
2020-08-16 14:14:13 +0000  copying file ./Payload/Helloworld1.app/Base.lproj/Main.storyboardc/BYZ-38-t0r-view-8bC-Xf-vdC.nib ... 
2020-08-16 14:14:13 +0000  7950 bytes for ./Payload/Helloworld1.app/Base.lproj/Main.storyboardc/BYZ-38-t0r-view-8bC-Xf-vdC.nib
2020-08-16 14:14:13 +0000  copying file ./Payload/Helloworld1.app/Base.lproj/Main.storyboardc/Info.plist ... 
2020-08-16 14:14:13 +0000  258 bytes for ./Payload/Helloworld1.app/Base.lproj/Main.storyboardc/Info.plist
copying file ./Payload/Helloworld1.app/Base.lproj/LaunchScreen.storyboardc/01J-lp-oVM-view-Ze5-6b-2t3.nib ... 
2020-08-16 14:14:13 +0000  1197 bytes for ./Payload/Helloworld1.app/Base.lproj/LaunchScreen.storyboardc/01J-lp-oVM-view-Ze5-6b-2t3.nib
2020-08-16 14:14:13 +0000  copying file ./Payload/Helloworld1.app/Base.lproj/LaunchScreen.storyboardc/UIViewController-01J-lp-oVM.nib ... 
2020-08-16 14:14:13 +0000  896 bytes for ./Payload/Helloworld1.app/Base.lproj/LaunchScreen.storyboardc/UIViewController-01J-lp-oVM.nib
copying file ./Payload/Helloworld1.app/Base.lproj/LaunchScreen.storyboardc/Info.plist ... 
2020-08-16 14:14:13 +0000  258 bytes for ./Payload/Helloworld1.app/Base.lproj/LaunchScreen.storyboardc/Info.plist
2020-08-16 14:14:13 +0000  copying file ./Payload/Helloworld1.app/Assets.car ... 
2020-08-16 14:14:14 +0000  5198143 bytes for ./Payload/Helloworld1.app/Assets.car
copying file ./Payload/Helloworld1.app/embedded.mobileprovision ... 
2020-08-16 14:14:14 +0000  7514 bytes for ./Payload/Helloworld1.app/embedded.mobileprovision
copying file ./Payload/Helloworld1.app/Info.plist ... 
2020-08-16 14:14:14 +0000  1424 bytes for ./Payload/Helloworld1.app/Info.plist
2020-08-16 14:14:14 +0000  copying file ./Payload/Helloworld1.app/PkgInfo ... 
8 bytes for ./Payload/Helloworld1.app/PkgInfo
2020-08-16 14:14:14 +0000  /usr/bin/ditto exited with 0
2020-08-16 14:14:14 +0000  Processing step: IDEDistributionAppStoreInformationStep
2020-08-16 14:14:14 +0000  Skipping step: IDEDistributionAppStoreInformationStep because it said so
2020-08-16 14:14:14 +0000  Processing step: IDEDistributionGenerateProcessedDistributionItems
2020-08-16 14:14:14 +0000  Processing step: IDEDistributionCreateManifestStep
